17:58:17 11/02/16 FILE=D:/phpStudy/WWW/mall/shop_admin/index.php [debug] SELECT  SQL_CALC_FOUND_ROWS user_id FROM yf_admin_user_base WHERE 1   AND user_account="admin" LIMIT 500 
17:58:17 11/02/16 FILE=D:/phpStudy/WWW/mall/shop_admin/index.php [debug] SELECT SQL_CALC_FOUND_ROWS * FROM yf_admin_user_base WHERE 1   AND user_id IN (10001) LIMIT 500 
17:58:18 11/02/16 FILE=D:/phpStudy/WWW/mall/shop_admin/index.php [debug] SELECT SQL_CALC_FOUND_ROWS * FROM yf_admin_user_base WHERE 1   AND user_id=10001 LIMIT 500 
17:58:18 11/02/16 FILE=D:/phpStudy/WWW/mall/shop_admin/index.php [debug] SELECT SQL_CALC_FOUND_ROWS * FROM yf_admin_rights_group WHERE 1   AND rights_group_id=1 LIMIT 500 
17:58:18 11/02/16 FILE=D:/phpStudy/WWW/mall/shop_admin/index.php [debug] SELECT SQL_CALC_FOUND_ROWS * FROM yf_admin_rights_base WHERE 1   AND rights_id=3000 LIMIT 500 
17:58:18 11/02/16 FILE=D:/phpStudy/WWW/mall/shop_admin/index.php [debug] SELECT SQL_CALC_FOUND_ROWS * FROM yf_admin_user_base WHERE 1   AND user_id=10001 LIMIT 500 
17:58:18 11/02/16 FILE=D:/phpStudy/WWW/mall/shop_admin/index.php [debug] SELECT SQL_CALC_FOUND_ROWS * FROM yf_admin_rights_group WHERE 1   AND rights_group_id=1 LIMIT 500 
17:58:18 11/02/16 FILE=D:/phpStudy/WWW/mall/shop_admin/index.php [debug] SELECT SQL_CALC_FOUND_ROWS * FROM yf_admin_user_base WHERE 1   AND user_id=10001 LIMIT 500 
17:58:18 11/02/16 FILE=D:/phpStudy/WWW/mall/shop_admin/index.php [debug] SELECT  SQL_CALC_FOUND_ROWS user_id FROM yf_admin_user_base WHERE 1   LIMIT 0, 100
17:58:18 11/02/16 FILE=D:/phpStudy/WWW/mall/shop_admin/index.php [debug] 
                SELECT
                    FOUND_ROWS() total
17:58:18 11/02/16 FILE=D:/phpStudy/WWW/mall/shop_admin/index.php [debug] SELECT SQL_CALC_FOUND_ROWS * FROM yf_admin_user_base WHERE 1   AND user_id IN (10001) LIMIT 500 
17:58:19 11/02/16 FILE=D:/phpStudy/WWW/mall/shop_admin/index.php [debug] SELECT SQL_CALC_FOUND_ROWS * FROM yf_admin_user_base WHERE 1   AND user_id=10001 LIMIT 500 
17:58:19 11/02/16 FILE=D:/phpStudy/WWW/mall/shop_admin/index.php [debug] SELECT SQL_CALC_FOUND_ROWS * FROM yf_admin_user_base WHERE 1   AND user_id=10001 LIMIT 500 
17:58:19 11/02/16 FILE=D:/phpStudy/WWW/mall/shop_admin/index.php [debug] SELECT SQL_CALC_FOUND_ROWS * FROM yf_admin_rights_group WHERE 1   AND rights_group_id=1 LIMIT 500 
17:58:27 11/02/16 FILE=D:/phpStudy/WWW/mall/shop_admin/index.php [debug] SELECT SQL_CALC_FOUND_ROWS * FROM yf_admin_rights_base WHERE 1   AND rights_id=3320 LIMIT 500 
17:58:29 11/02/16 FILE=D:/phpStudy/WWW/mall/shop_admin/index.php [debug] SELECT SQL_CALC_FOUND_ROWS * FROM yf_admin_user_base WHERE 1   AND user_id=10001 LIMIT 500 
17:58:29 11/02/16 FILE=D:/phpStudy/WWW/mall/shop_admin/index.php [debug] SELECT SQL_CALC_FOUND_ROWS * FROM yf_admin_rights_group WHERE 1   AND rights_group_id=1 LIMIT 500 
17:58:29 11/02/16 FILE=D:/phpStudy/WWW/mall/shop_admin/index.php [debug] SELECT SQL_CALC_FOUND_ROWS * FROM yf_admin_rights_group WHERE 1   AND rights_group_id=1 LIMIT 500 
17:58:29 11/02/16 FILE=D:/phpStudy/WWW/mall/shop_admin/index.php [debug] SELECT SQL_CALC_FOUND_ROWS * FROM yf_admin_rights_base WHERE 1   AND rights_id=3320 LIMIT 500 
17:58:29 11/02/16 FILE=D:/phpStudy/WWW/mall/shop_admin/index.php [debug] SELECT SQL_CALC_FOUND_ROWS * FROM yf_admin_rights_base WHERE 1   AND rights_id=3320 LIMIT 500 
17:58:30 11/02/16 FILE=D:/phpStudy/WWW/mall/shop_admin/index.php [debug] SELECT SQL_CALC_FOUND_ROWS * FROM yf_admin_rights_base WHERE 1   AND rights_id=3320 LIMIT 500 
17:58:38 11/02/16 FILE=D:/phpStudy/WWW/mall/shop_admin/index.php [debug] SELECT SQL_CALC_FOUND_ROWS * FROM yf_admin_user_base WHERE 1   AND user_id=10001 LIMIT 500 
17:58:40 11/02/16 FILE=D:/phpStudy/WWW/mall/shop_admin/index.php [debug] SELECT SQL_CALC_FOUND_ROWS * FROM yf_admin_user_base WHERE 1   AND user_id=10001 LIMIT 500 
17:58:43 11/02/16 FILE=D:/phpStudy/WWW/mall/shop_admin/index.php [debug] SELECT SQL_CALC_FOUND_ROWS * FROM yf_admin_user_base WHERE 1   AND user_id=10001 LIMIT 500 
17:59:03 11/02/16 FILE=D:/phpStudy/WWW/mall/shop_admin/index.php [debug] SELECT SQL_CALC_FOUND_ROWS * FROM yf_admin_user_base WHERE 1   AND user_id=10001 LIMIT 500 
17:59:12 11/02/16 FILE=D:/phpStudy/WWW/mall/shop_admin/index.php [debug] SELECT SQL_CALC_FOUND_ROWS * FROM yf_admin_user_base WHERE 1   AND user_id=10001 LIMIT 500 
17:59:16 11/02/16 FILE=D:/phpStudy/WWW/mall/shop_admin/index.php [debug] SELECT SQL_CALC_FOUND_ROWS * FROM yf_admin_user_base WHERE 1   AND user_id=10001 LIMIT 500 
17:59:44 11/02/16 FILE=D:/phpStudy/WWW/mall/shop_admin/index.php [debug] SELECT SQL_CALC_FOUND_ROWS * FROM yf_admin_user_base WHERE 1   AND user_id=10001 LIMIT 500 
17:59:49 11/02/16 FILE=D:/phpStudy/WWW/mall/shop_admin/index.php [debug] SELECT SQL_CALC_FOUND_ROWS * FROM yf_admin_user_base WHERE 1   AND user_id=10001 LIMIT 500 
17:59:49 11/02/16 FILE=D:/phpStudy/WWW/mall/shop_admin/index.php [debug] SELECT SQL_CALC_FOUND_ROWS * FROM yf_admin_rights_group WHERE 1   AND rights_group_id=1 LIMIT 500 
17:59:49 11/02/16 FILE=D:/phpStudy/WWW/mall/shop_admin/index.php [debug] SELECT SQL_CALC_FOUND_ROWS * FROM yf_admin_rights_base WHERE 1   AND rights_id=3000 LIMIT 500 
17:59:49 11/02/16 FILE=D:/phpStudy/WWW/mall/shop_admin/index.php [debug] SELECT SQL_CALC_FOUND_ROWS * FROM yf_admin_user_base WHERE 1   AND user_id=10001 LIMIT 500 
17:59:49 11/02/16 FILE=D:/phpStudy/WWW/mall/shop_admin/index.php [debug] SELECT SQL_CALC_FOUND_ROWS * FROM yf_admin_user_base WHERE 1   AND user_id=10001 LIMIT 500 
17:59:49 11/02/16 FILE=D:/phpStudy/WWW/mall/shop_admin/index.php [debug] SELECT SQL_CALC_FOUND_ROWS * FROM yf_admin_rights_group WHERE 1   AND rights_group_id=1 LIMIT 500 
17:59:49 11/02/16 FILE=D:/phpStudy/WWW/mall/shop_admin/index.php [debug] SELECT  SQL_CALC_FOUND_ROWS user_id FROM yf_admin_user_base WHERE 1   LIMIT 0, 100
17:59:49 11/02/16 FILE=D:/phpStudy/WWW/mall/shop_admin/index.php [debug] 
                SELECT
                    FOUND_ROWS() total
17:59:49 11/02/16 FILE=D:/phpStudy/WWW/mall/shop_admin/index.php [debug] SELECT SQL_CALC_FOUND_ROWS * FROM yf_admin_user_base WHERE 1   AND user_id IN (10001) LIMIT 500 
17:59:50 11/02/16 FILE=D:/phpStudy/WWW/mall/shop_admin/index.php [debug] SELECT SQL_CALC_FOUND_ROWS * FROM yf_admin_user_base WHERE 1   AND user_id=10001 LIMIT 500 
17:59:50 11/02/16 FILE=D:/phpStudy/WWW/mall/shop_admin/index.php [debug] SELECT SQL_CALC_FOUND_ROWS * FROM yf_admin_user_base WHERE 1   AND user_id=10001 LIMIT 500 
17:59:50 11/02/16 FILE=D:/phpStudy/WWW/mall/shop_admin/index.php [debug] SELECT SQL_CALC_FOUND_ROWS * FROM yf_admin_rights_group WHERE 1   AND rights_group_id=1 LIMIT 500 
18:00:00 11/02/16 FILE=D:/phpStudy/WWW/mall/shop_admin/index.php [debug] SELECT SQL_CALC_FOUND_ROWS * FROM yf_admin_user_base WHERE 1   AND user_id=10001 LIMIT 500 
18:00:00 11/02/16 FILE=D:/phpStudy/WWW/mall/shop_admin/index.php [debug] SELECT SQL_CALC_FOUND_ROWS * FROM yf_admin_user_base WHERE 1   AND user_id=10001 LIMIT 500 
18:00:00 11/02/16 FILE=D:/phpStudy/WWW/mall/shop_admin/index.php [debug] SELECT SQL_CALC_FOUND_ROWS * FROM yf_admin_rights_group WHERE 1   AND rights_group_id=1 LIMIT 500 
18:00:00 11/02/16 FILE=D:/phpStudy/WWW/mall/shop_admin/index.php [debug] SELECT SQL_CALC_FOUND_ROWS * FROM yf_admin_rights_group WHERE 1   AND rights_group_id=1 LIMIT 500 
18:00:00 11/02/16 FILE=D:/phpStudy/WWW/mall/shop_admin/index.php [debug] SELECT SQL_CALC_FOUND_ROWS * FROM yf_admin_rights_base WHERE 1   AND rights_id=3320 LIMIT 500 
18:00:00 11/02/16 FILE=D:/phpStudy/WWW/mall/shop_admin/index.php [debug] SELECT SQL_CALC_FOUND_ROWS * FROM yf_admin_rights_base WHERE 1   AND rights_id=3320 LIMIT 500 
18:00:01 11/02/16 FILE=D:/phpStudy/WWW/mall/shop_admin/index.php [debug] SELECT SQL_CALC_FOUND_ROWS * FROM yf_admin_rights_base WHERE 1   AND rights_id=3320 LIMIT 500 
18:00:04 11/02/16 FILE=D:/phpStudy/WWW/mall/shop_admin/index.php [debug] SELECT SQL_CALC_FOUND_ROWS * FROM yf_admin_rights_base WHERE 1   AND rights_id=3320 LIMIT 500 
18:00:07 11/02/16 FILE=D:/phpStudy/WWW/mall/shop_admin/index.php [debug] SELECT SQL_CALC_FOUND_ROWS * FROM yf_admin_user_base WHERE 1   AND user_id=10001 LIMIT 500 
18:00:09 11/02/16 FILE=D:/phpStudy/WWW/mall/shop_admin/index.php [debug] SELECT SQL_CALC_FOUND_ROWS * FROM yf_admin_user_base WHERE 1   AND user_id=10001 LIMIT 500 
09:30:11 11/03/16 FILE=D:/phpStudy/WWW/mall/shop_admin/index.php [debug] SELECT  SQL_CALC_FOUND_ROWS user_id FROM yf_admin_user_base WHERE 1   AND user_account="admin" LIMIT 500 
09:30:11 11/03/16 FILE=D:/phpStudy/WWW/mall/shop_admin/index.php [debug] SELECT SQL_CALC_FOUND_ROWS * FROM yf_admin_user_base WHERE 1   AND user_id IN (10001) LIMIT 500 
09:30:11 11/03/16 FILE=D:/phpStudy/WWW/mall/shop_admin/index.php [debug] SELECT SQL_CALC_FOUND_ROWS * FROM yf_admin_user_base WHERE 1   AND user_id=10001 LIMIT 500 
09:30:11 11/03/16 FILE=D:/phpStudy/WWW/mall/shop_admin/index.php [debug] SELECT SQL_CALC_FOUND_ROWS * FROM yf_admin_rights_group WHERE 1   AND rights_group_id=1 LIMIT 500 
09:30:11 11/03/16 FILE=D:/phpStudy/WWW/mall/shop_admin/index.php [debug] SELECT SQL_CALC_FOUND_ROWS * FROM yf_admin_rights_base WHERE 1   AND rights_id=3000 LIMIT 500 
09:30:11 11/03/16 FILE=D:/phpStudy/WWW/mall/shop_admin/index.php [debug] SELECT SQL_CALC_FOUND_ROWS * FROM yf_admin_user_base WHERE 1   AND user_id=10001 LIMIT 500 
09:30:11 11/03/16 FILE=D:/phpStudy/WWW/mall/shop_admin/index.php [debug] SELECT  SQL_CALC_FOUND_ROWS user_id FROM yf_admin_user_base WHERE 1   LIMIT 0, 100
09:30:11 11/03/16 FILE=D:/phpStudy/WWW/mall/shop_admin/index.php [debug] 
                SELECT
                    FOUND_ROWS() total
09:30:11 11/03/16 FILE=D:/phpStudy/WWW/mall/shop_admin/index.php [debug] SELECT SQL_CALC_FOUND_ROWS * FROM yf_admin_user_base WHERE 1   AND user_id IN (10001) LIMIT 500 
09:30:12 11/03/16 FILE=D:/phpStudy/WWW/mall/shop_admin/index.php [debug] SELECT SQL_CALC_FOUND_ROWS * FROM yf_admin_user_base WHERE 1   AND user_id=10001 LIMIT 500 
09:30:12 11/03/16 FILE=D:/phpStudy/WWW/mall/shop_admin/index.php [debug] SELECT SQL_CALC_FOUND_ROWS * FROM yf_admin_user_base WHERE 1   AND user_id=10001 LIMIT 500 
09:30:12 11/03/16 FILE=D:/phpStudy/WWW/mall/shop_admin/index.php [debug] SELECT SQL_CALC_FOUND_ROWS * FROM yf_admin_rights_group WHERE 1   AND rights_group_id=1 LIMIT 500 
09:30:12 11/03/16 FILE=D:/phpStudy/WWW/mall/shop_admin/index.php [debug] SELECT SQL_CALC_FOUND_ROWS * FROM yf_admin_user_base WHERE 1   AND user_id=10001 LIMIT 500 
09:30:12 11/03/16 FILE=D:/phpStudy/WWW/mall/shop_admin/index.php [debug] SELECT SQL_CALC_FOUND_ROWS * FROM yf_admin_rights_group WHERE 1   AND rights_group_id=1 LIMIT 500 
09:30:20 11/03/16 FILE=D:/phpStudy/WWW/mall/shop_admin/index.php [debug] SELECT SQL_CALC_FOUND_ROWS * FROM yf_admin_rights_base WHERE 1   AND rights_id=3320 LIMIT 500 
09:30:22 11/03/16 FILE=D:/phpStudy/WWW/mall/shop_admin/index.php [debug] SELECT SQL_CALC_FOUND_ROWS * FROM yf_admin_user_base WHERE 1   AND user_id=10001 LIMIT 500 
09:30:22 11/03/16 FILE=D:/phpStudy/WWW/mall/shop_admin/index.php [debug] SELECT SQL_CALC_FOUND_ROWS * FROM yf_admin_rights_group WHERE 1   AND rights_group_id=1 LIMIT 500 
09:30:22 11/03/16 FILE=D:/phpStudy/WWW/mall/shop_admin/index.php [debug] SELECT SQL_CALC_FOUND_ROWS * FROM yf_admin_rights_base WHERE 1   AND rights_id=3320 LIMIT 500 
09:30:22 11/03/16 FILE=D:/phpStudy/WWW/mall/shop_admin/index.php [debug] SELECT SQL_CALC_FOUND_ROWS * FROM yf_admin_user_base WHERE 1   AND user_id=10001 LIMIT 500 
09:30:22 11/03/16 FILE=D:/phpStudy/WWW/mall/shop_admin/index.php [debug] SELECT SQL_CALC_FOUND_ROWS * FROM yf_admin_rights_group WHERE 1   AND rights_group_id=1 LIMIT 500 
09:30:22 11/03/16 FILE=D:/phpStudy/WWW/mall/shop_admin/index.php [debug] SELECT SQL_CALC_FOUND_ROWS * FROM yf_admin_rights_base WHERE 1   AND rights_id=3320 LIMIT 500 
09:30:24 11/03/16 FILE=D:/phpStudy/WWW/mall/shop_admin/index.php [debug] SELECT SQL_CALC_FOUND_ROWS * FROM yf_admin_rights_base WHERE 1   AND rights_id=3320 LIMIT 500 
09:30:24 11/03/16 FILE=D:/phpStudy/WWW/mall/shop_admin/index.php [debug] SELECT SQL_CALC_FOUND_ROWS * FROM yf_admin_user_base WHERE 1   AND user_id=10001 LIMIT 500 
09:30:25 11/03/16 FILE=D:/phpStudy/WWW/mall/shop_admin/index.php [debug] SELECT SQL_CALC_FOUND_ROWS * FROM yf_admin_user_base WHERE 1   AND user_id=10001 LIMIT 500 
09:30:40 11/03/16 FILE=D:/phpStudy/WWW/mall/shop_admin/index.php [debug] SELECT SQL_CALC_FOUND_ROWS * FROM yf_admin_user_base WHERE 1   AND user_id=10001 LIMIT 500 
09:30:58 11/03/16 FILE=D:/phpStudy/WWW/mall/shop_admin/index.php [debug] SELECT SQL_CALC_FOUND_ROWS * FROM yf_admin_user_base WHERE 1   AND user_id=10001 LIMIT 500 
09:31:01 11/03/16 FILE=D:/phpStudy/WWW/mall/shop_admin/index.php [debug] SELECT SQL_CALC_FOUND_ROWS * FROM yf_admin_user_base WHERE 1   AND user_id=10001 LIMIT 500 
09:31:02 11/03/16 FILE=D:/phpStudy/WWW/mall/shop_admin/index.php [debug] SELECT SQL_CALC_FOUND_ROWS * FROM yf_admin_user_base WHERE 1   AND user_id=10001 LIMIT 500 
09:31:16 11/03/16 FILE=D:/phpStudy/WWW/mall/shop_admin/index.php [debug] SELECT SQL_CALC_FOUND_ROWS * FROM yf_admin_user_base WHERE 1   AND user_id=10001 LIMIT 500 
09:31:28 11/03/16 FILE=D:/phpStudy/WWW/mall/shop_admin/index.php [debug] SELECT SQL_CALC_FOUND_ROWS * FROM yf_admin_user_base WHERE 1   AND user_id=10001 LIMIT 500 
09:31:30 11/03/16 FILE=D:/phpStudy/WWW/mall/shop_admin/index.php [debug] SELECT SQL_CALC_FOUND_ROWS * FROM yf_admin_user_base WHERE 1   AND user_id=10001 LIMIT 500 
09:31:33 11/03/16 FILE=D:/phpStudy/WWW/mall/shop_admin/index.php [debug] SELECT SQL_CALC_FOUND_ROWS * FROM yf_admin_user_base WHERE 1   AND user_id=10001 LIMIT 500 
09:31:35 11/03/16 FILE=D:/phpStudy/WWW/mall/shop_admin/index.php [debug] SELECT SQL_CALC_FOUND_ROWS * FROM yf_admin_user_base WHERE 1   AND user_id=10001 LIMIT 500 
09:31:36 11/03/16 FILE=D:/phpStudy/WWW/mall/shop_admin/index.php [debug] SELECT SQL_CALC_FOUND_ROWS * FROM yf_admin_user_base WHERE 1   AND user_id=10001 LIMIT 500 
09:31:36 11/03/16 FILE=D:/phpStudy/WWW/mall/shop_admin/index.php [debug] SELECT SQL_CALC_FOUND_ROWS * FROM yf_admin_user_base WHERE 1   AND user_id=10001 LIMIT 500 
09:31:38 11/03/16 FILE=D:/phpStudy/WWW/mall/shop_admin/index.php [debug] SELECT SQL_CALC_FOUND_ROWS * FROM yf_admin_user_base WHERE 1   AND user_id=10001 LIMIT 500 
09:32:01 11/03/16 FILE=D:/phpStudy/WWW/mall/shop_admin/index.php [debug] SELECT SQL_CALC_FOUND_ROWS * FROM yf_admin_user_base WHERE 1   AND user_id=10001 LIMIT 500 
09:32:03 11/03/16 FILE=D:/phpStudy/WWW/mall/shop_admin/index.php [debug] SELECT SQL_CALC_FOUND_ROWS * FROM yf_admin_user_base WHERE 1   AND user_id=10001 LIMIT 500 
09:32:04 11/03/16 FILE=D:/phpStudy/WWW/mall/shop_admin/index.php [debug] SELECT SQL_CALC_FOUND_ROWS * FROM yf_admin_user_base WHERE 1   AND user_id=10001 LIMIT 500 
09:32:17 11/03/16 FILE=D:/phpStudy/WWW/mall/shop_admin/index.php [debug] SELECT SQL_CALC_FOUND_ROWS * FROM yf_admin_user_base WHERE 1   AND user_id=10001 LIMIT 500 
09:32:17 11/03/16 FILE=D:/phpStudy/WWW/mall/shop_admin/index.php [debug] SELECT SQL_CALC_FOUND_ROWS * FROM yf_admin_rights_group WHERE 1   AND rights_group_id=1 LIMIT 500 
09:32:17 11/03/16 FILE=D:/phpStudy/WWW/mall/shop_admin/index.php [debug] SELECT SQL_CALC_FOUND_ROWS * FROM yf_admin_rights_base WHERE 1   AND rights_id=3000 LIMIT 500 
09:32:17 11/03/16 FILE=D:/phpStudy/WWW/mall/shop_admin/index.php [debug] SELECT SQL_CALC_FOUND_ROWS * FROM yf_admin_user_base WHERE 1   AND user_id=10001 LIMIT 500 
09:32:17 11/03/16 FILE=D:/phpStudy/WWW/mall/shop_admin/index.php [debug] SELECT SQL_CALC_FOUND_ROWS * FROM yf_admin_rights_group WHERE 1   AND rights_group_id=1 LIMIT 500 
09:32:17 11/03/16 FILE=D:/phpStudy/WWW/mall/shop_admin/index.php [debug] SELECT SQL_CALC_FOUND_ROWS * FROM yf_admin_user_base WHERE 1   AND user_id=10001 LIMIT 500 
09:32:17 11/03/16 FILE=D:/phpStudy/WWW/mall/shop_admin/index.php [debug] SELECT  SQL_CALC_FOUND_ROWS user_id FROM yf_admin_user_base WHERE 1   LIMIT 0, 100
09:32:17 11/03/16 FILE=D:/phpStudy/WWW/mall/shop_admin/index.php [debug] 
                SELECT
                    FOUND_ROWS() total
09:32:17 11/03/16 FILE=D:/phpStudy/WWW/mall/shop_admin/index.php [debug] SELECT SQL_CALC_FOUND_ROWS * FROM yf_admin_user_base WHERE 1   AND user_id IN (10001) LIMIT 500 
09:32:18 11/03/16 FILE=D:/phpStudy/WWW/mall/shop_admin/index.php [debug] SELECT SQL_CALC_FOUND_ROWS * FROM yf_admin_user_base WHERE 1   AND user_id=10001 LIMIT 500 
09:32:19 11/03/16 FILE=D:/phpStudy/WWW/mall/shop_admin/index.php [debug] SELECT SQL_CALC_FOUND_ROWS * FROM yf_admin_rights_group WHERE 1   AND rights_group_id=1 LIMIT 500 
09:32:19 11/03/16 FILE=D:/phpStudy/WWW/mall/shop_admin/index.php [debug] SELECT SQL_CALC_FOUND_ROWS * FROM yf_admin_user_base WHERE 1   AND user_id=10001 LIMIT 500 
09:32:19 11/03/16 FILE=D:/phpStudy/WWW/mall/shop_admin/index.php [debug] SELECT SQL_CALC_FOUND_ROWS * FROM yf_admin_rights_base WHERE 1   AND rights_id=3320 LIMIT 500 
09:32:20 11/03/16 FILE=D:/phpStudy/WWW/mall/shop_admin/index.php [debug] SELECT SQL_CALC_FOUND_ROWS * FROM yf_admin_rights_base WHERE 1   AND rights_id=3320 LIMIT 500 
09:32:20 11/03/16 FILE=D:/phpStudy/WWW/mall/shop_admin/index.php [debug] SELECT SQL_CALC_FOUND_ROWS * FROM yf_admin_user_base WHERE 1   AND user_id=10001 LIMIT 500 
09:32:20 11/03/16 FILE=D:/phpStudy/WWW/mall/shop_admin/index.php [debug] SELECT SQL_CALC_FOUND_ROWS * FROM yf_admin_rights_group WHERE 1   AND rights_group_id=1 LIMIT 500 
09:32:20 11/03/16 FILE=D:/phpStudy/WWW/mall/shop_admin/index.php [debug] SELECT SQL_CALC_FOUND_ROWS * FROM yf_admin_rights_base WHERE 1   AND rights_id=3320 LIMIT 500 
09:32:20 11/03/16 FILE=D:/phpStudy/WWW/mall/shop_admin/index.php [debug] SELECT SQL_CALC_FOUND_ROWS * FROM yf_admin_user_base WHERE 1   AND user_id=10001 LIMIT 500 
09:32:20 11/03/16 FILE=D:/phpStudy/WWW/mall/shop_admin/index.php [debug] SELECT SQL_CALC_FOUND_ROWS * FROM yf_admin_rights_group WHERE 1   AND rights_group_id=1 LIMIT 500 
09:32:20 11/03/16 FILE=D:/phpStudy/WWW/mall/shop_admin/index.php [debug] SELECT SQL_CALC_FOUND_ROWS * FROM yf_admin_rights_base WHERE 1   AND rights_id=3320 LIMIT 500 
09:32:49 11/03/16 FILE=D:/phpStudy/WWW/mall/shop_admin/index.php [debug] SELECT SQL_CALC_FOUND_ROWS * FROM yf_admin_user_base WHERE 1   AND user_id=10001 LIMIT 500 
09:18:54 11/04/16 FILE=D:/phpStudy/WWW/mall/shop_admin/index.php [debug] SELECT  SQL_CALC_FOUND_ROWS user_id FROM yf_admin_user_base WHERE 1   AND user_account="admin" LIMIT 500 
09:18:54 11/04/16 FILE=D:/phpStudy/WWW/mall/shop_admin/index.php [debug] SELECT SQL_CALC_FOUND_ROWS * FROM yf_admin_user_base WHERE 1   AND user_id IN (10001) LIMIT 500 
09:18:54 11/04/16 FILE=D:/phpStudy/WWW/mall/shop_admin/index.php [debug] SELECT SQL_CALC_FOUND_ROWS * FROM yf_admin_user_base WHERE 1   AND user_id=10001 LIMIT 500 
09:18:54 11/04/16 FILE=D:/phpStudy/WWW/mall/shop_admin/index.php [debug] SELECT SQL_CALC_FOUND_ROWS * FROM yf_admin_rights_group WHERE 1   AND rights_group_id=1 LIMIT 500 
09:18:54 11/04/16 FILE=D:/phpStudy/WWW/mall/shop_admin/index.php [debug] SELECT SQL_CALC_FOUND_ROWS * FROM yf_admin_rights_base WHERE 1   AND rights_id=3000 LIMIT 500 
09:18:54 11/04/16 FILE=D:/phpStudy/WWW/mall/shop_admin/index.php [debug] SELECT SQL_CALC_FOUND_ROWS * FROM yf_admin_user_base WHERE 1   AND user_id=10001 LIMIT 500 
09:18:54 11/04/16 FILE=D:/phpStudy/WWW/mall/shop_admin/index.php [debug] SELECT  SQL_CALC_FOUND_ROWS user_id FROM yf_admin_user_base WHERE 1   LIMIT 0, 100
09:18:54 11/04/16 FILE=D:/phpStudy/WWW/mall/shop_admin/index.php [debug] 
                SELECT
                    FOUND_ROWS() total
09:18:54 11/04/16 FILE=D:/phpStudy/WWW/mall/shop_admin/index.php [debug] SELECT SQL_CALC_FOUND_ROWS * FROM yf_admin_user_base WHERE 1   AND user_id IN (10001) LIMIT 500 
09:18:54 11/04/16 FILE=D:/phpStudy/WWW/mall/shop_admin/index.php [debug] SELECT SQL_CALC_FOUND_ROWS * FROM yf_admin_user_base WHERE 1   AND user_id=10001 LIMIT 500 
09:18:54 11/04/16 FILE=D:/phpStudy/WWW/mall/shop_admin/index.php [debug] SELECT SQL_CALC_FOUND_ROWS * FROM yf_admin_rights_group WHERE 1   AND rights_group_id=1 LIMIT 500 
09:18:54 11/04/16 FILE=D:/phpStudy/WWW/mall/shop_admin/index.php [debug] SELECT SQL_CALC_FOUND_ROWS * FROM yf_admin_user_base WHERE 1   AND user_id=10001 LIMIT 500 
09:18:55 11/04/16 FILE=D:/phpStudy/WWW/mall/shop_admin/index.php [debug] SELECT SQL_CALC_FOUND_ROWS * FROM yf_admin_user_base WHERE 1   AND user_id=10001 LIMIT 500 
09:18:55 11/04/16 FILE=D:/phpStudy/WWW/mall/shop_admin/index.php [debug] SELECT SQL_CALC_FOUND_ROWS * FROM yf_admin_rights_group WHERE 1   AND rights_group_id=1 LIMIT 500 
09:18:55 11/04/16 FILE=D:/phpStudy/WWW/mall/shop_admin/index.php [debug] SELECT SQL_CALC_FOUND_ROWS * FROM yf_admin_rights_base WHERE 1   AND rights_id=3320 LIMIT 500 
09:18:56 11/04/16 FILE=D:/phpStudy/WWW/mall/shop_admin/index.php [debug] SELECT SQL_CALC_FOUND_ROWS * FROM yf_admin_user_base WHERE 1   AND user_id=10001 LIMIT 500 
09:18:56 11/04/16 FILE=D:/phpStudy/WWW/mall/shop_admin/index.php [debug] SELECT SQL_CALC_FOUND_ROWS * FROM yf_admin_rights_group WHERE 1   AND rights_group_id=1 LIMIT 500 
09:18:56 11/04/16 FILE=D:/phpStudy/WWW/mall/shop_admin/index.php [debug] SELECT SQL_CALC_FOUND_ROWS * FROM yf_admin_rights_base WHERE 1   AND rights_id=3320 LIMIT 500 
09:18:56 11/04/16 FILE=D:/phpStudy/WWW/mall/shop_admin/index.php [debug] SELECT SQL_CALC_FOUND_ROWS * FROM yf_admin_user_base WHERE 1   AND user_id=10001 LIMIT 500 
09:18:56 11/04/16 FILE=D:/phpStudy/WWW/mall/shop_admin/index.php [debug] SELECT SQL_CALC_FOUND_ROWS * FROM yf_admin_rights_group WHERE 1   AND rights_group_id=1 LIMIT 500 
09:18:56 11/04/16 FILE=D:/phpStudy/WWW/mall/shop_admin/index.php [debug] SELECT SQL_CALC_FOUND_ROWS * FROM yf_admin_rights_base WHERE 1   AND rights_id=3320 LIMIT 500 
09:18:57 11/04/16 FILE=D:/phpStudy/WWW/mall/shop_admin/index.php [debug] SELECT SQL_CALC_FOUND_ROWS * FROM yf_admin_rights_base WHERE 1   AND rights_id=3320 LIMIT 500 
