17:53:17 11/02/16 FILE=D:/phpStudy/WWW/mall/ucenter/index.php [debug] SELECT SQL_CALC_FOUND_ROWS * FROM ucenter_base_app WHERE 1   AND app_id=103 LIMIT 500 
17:53:17 11/02/16 FILE=D:/phpStudy/WWW/mall/ucenter/index.php [debug] SELECT SQL_CALC_FOUND_ROWS * FROM ucenter_base_app WHERE 1   AND app_id=103 LIMIT 500 
17:53:17 11/02/16 FILE=D:/phpStudy/WWW/mall/ucenter/index.php [debug] SELECT SQL_CALC_FOUND_ROWS * FROM ucenter_user_info WHERE 1   AND user_name="admin" LIMIT 500 
17:55:55 11/02/16 FILE=D:/phpStudy/WWW/mall/ucenter/index.php [debug] SELECT SQL_CALC_FOUND_ROWS * FROM ucenter_base_app WHERE 1   AND app_id=103 LIMIT 500 
17:55:55 11/02/16 FILE=D:/phpStudy/WWW/mall/ucenter/index.php [debug] SELECT SQL_CALC_FOUND_ROWS * FROM ucenter_base_app WHERE 1   AND app_id=103 LIMIT 500 
17:55:55 11/02/16 FILE=D:/phpStudy/WWW/mall/ucenter/index.php [debug] SELECT SQL_CALC_FOUND_ROWS * FROM ucenter_user_info WHERE 1   AND user_name="admin" LIMIT 500 
17:57:32 11/02/16 FILE=D:/phpStudy/WWW/mall/ucenter/index.php [debug] SELECT SQL_CALC_FOUND_ROWS * FROM ucenter_base_app WHERE 1   AND app_id=103 LIMIT 500 
17:57:32 11/02/16 FILE=D:/phpStudy/WWW/mall/ucenter/index.php [debug] SELECT SQL_CALC_FOUND_ROWS * FROM ucenter_base_app WHERE 1   AND app_id=103 LIMIT 500 
17:57:32 11/02/16 FILE=D:/phpStudy/WWW/mall/ucenter/index.php [debug] SELECT SQL_CALC_FOUND_ROWS * FROM ucenter_user_info WHERE 1   AND user_name="admin" LIMIT 500 
17:58:17 11/02/16 FILE=D:/phpStudy/WWW/mall/ucenter/index.php [debug] SELECT SQL_CALC_FOUND_ROWS * FROM ucenter_base_app WHERE 1   AND app_id=103 LIMIT 500 
17:58:17 11/02/16 FILE=D:/phpStudy/WWW/mall/ucenter/index.php [debug] SELECT SQL_CALC_FOUND_ROWS * FROM ucenter_user_info WHERE 1   AND user_name="admin" LIMIT 500 
17:58:18 11/02/16 FILE=D:/phpStudy/WWW/mall/ucenter/index.php [debug] SELECT SQL_CALC_FOUND_ROWS * FROM ucenter_user_info WHERE 1   AND user_id=10001 LIMIT 500 
17:58:18 11/02/16 FILE=D:/phpStudy/WWW/mall/ucenter/index.php [debug] SELECT SQL_CALC_FOUND_ROWS * FROM ucenter_user_info_detail WHERE 1   AND user_name="admin" LIMIT 500 
17:58:18 11/02/16 FILE=D:/phpStudy/WWW/mall/ucenter/index.php [debug] SELECT SQL_CALC_FOUND_ROWS * FROM ucenter_web_config WHERE 1   AND config_key="user_default_avatar" LIMIT 500 
17:59:03 11/02/16 FILE=D:/phpStudy/WWW/mall/ucenter/index.php [debug] SELECT SQL_CALC_FOUND_ROWS * FROM ucenter_base_app WHERE 1   AND app_id=103 LIMIT 500 
17:59:49 11/02/16 FILE=D:/phpStudy/WWW/mall/ucenter/index.php [debug] SELECT SQL_CALC_FOUND_ROWS * FROM ucenter_user_info WHERE 1   AND user_id=10001 LIMIT 500 
17:59:49 11/02/16 FILE=D:/phpStudy/WWW/mall/ucenter/index.php [debug] SELECT SQL_CALC_FOUND_ROWS * FROM ucenter_user_info_detail WHERE 1   AND user_name="admin" LIMIT 500 
17:59:49 11/02/16 FILE=D:/phpStudy/WWW/mall/ucenter/index.php [debug] SELECT SQL_CALC_FOUND_ROWS * FROM ucenter_web_config WHERE 1   AND config_key="user_default_avatar" LIMIT 500 
09:30:11 11/03/16 FILE=D:/phpStudy/WWW/mall/ucenter/index.php [debug] SELECT SQL_CALC_FOUND_ROWS * FROM ucenter_base_app WHERE 1   AND app_id=103 LIMIT 500 
09:30:11 11/03/16 FILE=D:/phpStudy/WWW/mall/ucenter/index.php [debug] SELECT SQL_CALC_FOUND_ROWS * FROM ucenter_user_info WHERE 1   AND user_name="admin" LIMIT 500 
09:30:11 11/03/16 FILE=D:/phpStudy/WWW/mall/ucenter/index.php [debug] SELECT SQL_CALC_FOUND_ROWS * FROM ucenter_user_info WHERE 1   AND user_id=10001 LIMIT 500 
09:30:11 11/03/16 FILE=D:/phpStudy/WWW/mall/ucenter/index.php [debug] SELECT SQL_CALC_FOUND_ROWS * FROM ucenter_user_info_detail WHERE 1   AND user_name="admin" LIMIT 500 
09:30:11 11/03/16 FILE=D:/phpStudy/WWW/mall/ucenter/index.php [debug] SELECT SQL_CALC_FOUND_ROWS * FROM ucenter_web_config WHERE 1   AND config_key="user_default_avatar" LIMIT 500 
09:32:17 11/03/16 FILE=D:/phpStudy/WWW/mall/ucenter/index.php [debug] SELECT SQL_CALC_FOUND_ROWS * FROM ucenter_user_info WHERE 1   AND user_id=10001 LIMIT 500 
09:32:17 11/03/16 FILE=D:/phpStudy/WWW/mall/ucenter/index.php [debug] SELECT SQL_CALC_FOUND_ROWS * FROM ucenter_user_info_detail WHERE 1   AND user_name="admin" LIMIT 500 
09:32:17 11/03/16 FILE=D:/phpStudy/WWW/mall/ucenter/index.php [debug] SELECT SQL_CALC_FOUND_ROWS * FROM ucenter_web_config WHERE 1   AND config_key="user_default_avatar" LIMIT 500 
09:12:03 11/04/16 FILE=D:/phpStudy/WWW/mall/ucenter/index.php [debug] SELECT SQL_CALC_FOUND_ROWS * FROM ucenter_user_info WHERE 1   AND user_name="admin" LIMIT 500 
09:12:03 11/04/16 FILE=D:/phpStudy/WWW/mall/ucenter/index.php [debug] SELECT SQL_CALC_FOUND_ROWS * FROM ucenter_user_info WHERE 1   AND user_id=10001 LIMIT 500 
09:12:03 11/04/16 FILE=D:/phpStudy/WWW/mall/ucenter/index.php [debug] SELECT SQL_CALC_FOUND_ROWS * FROM ucenter_user_info WHERE 1   AND user_id=10001 LIMIT 500 
09:12:03 11/04/16 FILE=D:/phpStudy/WWW/mall/ucenter/index.php [debug] SELECT SQL_CALC_FOUND_ROWS * FROM ucenter_web_config WHERE 1   AND config_key="site_logo" LIMIT 500 
09:12:03 11/04/16 FILE=D:/phpStudy/WWW/mall/ucenter/index.php [debug] SELECT SQL_CALC_FOUND_ROWS * FROM ucenter_web_config WHERE 1   AND config_key="site_name" LIMIT 500 
09:12:03 11/04/16 FILE=D:/phpStudy/WWW/mall/ucenter/index.php [debug] SELECT SQL_CALC_FOUND_ROWS * FROM ucenter_web_config WHERE 1   AND config_key="setting_buyer_logo" LIMIT 500 
09:12:03 11/04/16 FILE=D:/phpStudy/WWW/mall/ucenter/index.php [debug] SELECT SQL_CALC_FOUND_ROWS * FROM ucenter_web_config WHERE 1   AND config_key="setting_seller_logo" LIMIT 500 
09:12:03 11/04/16 FILE=D:/phpStudy/WWW/mall/ucenter/index.php [debug] SELECT SQL_CALC_FOUND_ROWS * FROM ucenter_web_config WHERE 1   AND config_key="photo_goods_logo" LIMIT 500 
09:12:03 11/04/16 FILE=D:/phpStudy/WWW/mall/ucenter/index.php [debug] SELECT SQL_CALC_FOUND_ROWS * FROM ucenter_web_config WHERE 1   AND config_key="photo_shop_head_logo" LIMIT 500 
09:12:03 11/04/16 FILE=D:/phpStudy/WWW/mall/ucenter/index.php [debug] SELECT SQL_CALC_FOUND_ROWS * FROM ucenter_web_config WHERE 1   AND config_key="photo_shop_logo" LIMIT 500 
09:12:03 11/04/16 FILE=D:/phpStudy/WWW/mall/ucenter/index.php [debug] SELECT SQL_CALC_FOUND_ROWS * FROM ucenter_web_config WHERE 1   AND config_key="photo_user_avatar" LIMIT 500 
09:12:03 11/04/16 FILE=D:/phpStudy/WWW/mall/ucenter/index.php [debug] SELECT SQL_CALC_FOUND_ROWS * FROM ucenter_user_info_detail WHERE 1   AND user_name="admin" LIMIT 500 
09:12:03 11/04/16 FILE=D:/phpStudy/WWW/mall/ucenter/index.php [debug] SELECT SQL_CALC_FOUND_ROWS * FROM ucenter_web_config WHERE 1   AND config_key="user_default_avatar" LIMIT 500 
09:12:03 11/04/16 FILE=D:/phpStudy/WWW/mall/ucenter/index.php [debug] SELECT SQL_CALC_FOUND_ROWS * FROM ucenter_user_privacy WHERE 1   AND user_id=10001 LIMIT 500 
09:12:03 11/04/16 FILE=D:/phpStudy/WWW/mall/ucenter/index.php [debug] SELECT  SQL_CALC_FOUND_ROWS district_id FROM ucenter_base_district WHERE 1   AND district_parent_id=0 ORDER BY district_displayorder ASC LIMIT 500 
09:12:03 11/04/16 FILE=D:/phpStudy/WWW/mall/ucenter/index.php [debug] SELECT SQL_CALC_FOUND_ROWS * FROM ucenter_base_district WHERE 1   AND district_id IN (1,2,3,4,5,6,7,8,9,10,11,12,13,14,15,16,17,18,19,20,21,22,23,24,25,26,27,28,29,30,31,32,33,34,35,36,45069,45070,45071,45085,45091,45093,45094) ORDER BY district_displayorder ASC LIMIT 500 
09:12:03 11/04/16 FILE=D:/phpStudy/WWW/mall/ucenter/index.php [debug] SELECT  SQL_CALC_FOUND_ROWS district_id FROM ucenter_base_district WHERE 1   AND district_parent_id=1 LIMIT 500 
09:12:03 11/04/16 FILE=D:/phpStudy/WWW/mall/ucenter/index.php [debug] SELECT  SQL_CALC_FOUND_ROWS district_id FROM ucenter_base_district WHERE 1   AND district_parent_id=2 LIMIT 500 
09:12:03 11/04/16 FILE=D:/phpStudy/WWW/mall/ucenter/index.php [debug] SELECT  SQL_CALC_FOUND_ROWS district_id FROM ucenter_base_district WHERE 1   AND district_parent_id=3 LIMIT 500 
09:12:03 11/04/16 FILE=D:/phpStudy/WWW/mall/ucenter/index.php [debug] SELECT  SQL_CALC_FOUND_ROWS district_id FROM ucenter_base_district WHERE 1   AND district_parent_id=4 LIMIT 500 
09:12:03 11/04/16 FILE=D:/phpStudy/WWW/mall/ucenter/index.php [debug] SELECT  SQL_CALC_FOUND_ROWS district_id FROM ucenter_base_district WHERE 1   AND district_parent_id=5 LIMIT 500 
09:12:03 11/04/16 FILE=D:/phpStudy/WWW/mall/ucenter/index.php [debug] SELECT  SQL_CALC_FOUND_ROWS district_id FROM ucenter_base_district WHERE 1   AND district_parent_id=6 LIMIT 500 
09:12:03 11/04/16 FILE=D:/phpStudy/WWW/mall/ucenter/index.php [debug] SELECT  SQL_CALC_FOUND_ROWS district_id FROM ucenter_base_district WHERE 1   AND district_parent_id=7 LIMIT 500 
09:12:03 11/04/16 FILE=D:/phpStudy/WWW/mall/ucenter/index.php [debug] SELECT  SQL_CALC_FOUND_ROWS district_id FROM ucenter_base_district WHERE 1   AND district_parent_id=8 LIMIT 500 
09:12:03 11/04/16 FILE=D:/phpStudy/WWW/mall/ucenter/index.php [debug] SELECT  SQL_CALC_FOUND_ROWS district_id FROM ucenter_base_district WHERE 1   AND district_parent_id=9 LIMIT 500 
09:12:03 11/04/16 FILE=D:/phpStudy/WWW/mall/ucenter/index.php [debug] SELECT  SQL_CALC_FOUND_ROWS district_id FROM ucenter_base_district WHERE 1   AND district_parent_id=10 LIMIT 500 
09:12:03 11/04/16 FILE=D:/phpStudy/WWW/mall/ucenter/index.php [debug] SELECT  SQL_CALC_FOUND_ROWS district_id FROM ucenter_base_district WHERE 1   AND district_parent_id=11 LIMIT 500 
09:12:03 11/04/16 FILE=D:/phpStudy/WWW/mall/ucenter/index.php [debug] SELECT  SQL_CALC_FOUND_ROWS district_id FROM ucenter_base_district WHERE 1   AND district_parent_id=12 LIMIT 500 
09:12:03 11/04/16 FILE=D:/phpStudy/WWW/mall/ucenter/index.php [debug] SELECT  SQL_CALC_FOUND_ROWS district_id FROM ucenter_base_district WHERE 1   AND district_parent_id=13 LIMIT 500 
09:12:03 11/04/16 FILE=D:/phpStudy/WWW/mall/ucenter/index.php [debug] SELECT  SQL_CALC_FOUND_ROWS district_id FROM ucenter_base_district WHERE 1   AND district_parent_id=14 LIMIT 500 
09:12:03 11/04/16 FILE=D:/phpStudy/WWW/mall/ucenter/index.php [debug] SELECT  SQL_CALC_FOUND_ROWS district_id FROM ucenter_base_district WHERE 1   AND district_parent_id=15 LIMIT 500 
09:12:03 11/04/16 FILE=D:/phpStudy/WWW/mall/ucenter/index.php [debug] SELECT  SQL_CALC_FOUND_ROWS district_id FROM ucenter_base_district WHERE 1   AND district_parent_id=16 LIMIT 500 
09:12:03 11/04/16 FILE=D:/phpStudy/WWW/mall/ucenter/index.php [debug] SELECT  SQL_CALC_FOUND_ROWS district_id FROM ucenter_base_district WHERE 1   AND district_parent_id=17 LIMIT 500 
09:12:03 11/04/16 FILE=D:/phpStudy/WWW/mall/ucenter/index.php [debug] SELECT  SQL_CALC_FOUND_ROWS district_id FROM ucenter_base_district WHERE 1   AND district_parent_id=18 LIMIT 500 
09:12:03 11/04/16 FILE=D:/phpStudy/WWW/mall/ucenter/index.php [debug] SELECT  SQL_CALC_FOUND_ROWS district_id FROM ucenter_base_district WHERE 1   AND district_parent_id=19 LIMIT 500 
09:12:03 11/04/16 FILE=D:/phpStudy/WWW/mall/ucenter/index.php [debug] SELECT  SQL_CALC_FOUND_ROWS district_id FROM ucenter_base_district WHERE 1   AND district_parent_id=20 LIMIT 500 
09:12:03 11/04/16 FILE=D:/phpStudy/WWW/mall/ucenter/index.php [debug] SELECT  SQL_CALC_FOUND_ROWS district_id FROM ucenter_base_district WHERE 1   AND district_parent_id=21 LIMIT 500 
09:12:03 11/04/16 FILE=D:/phpStudy/WWW/mall/ucenter/index.php [debug] SELECT  SQL_CALC_FOUND_ROWS district_id FROM ucenter_base_district WHERE 1   AND district_parent_id=22 LIMIT 500 
09:12:03 11/04/16 FILE=D:/phpStudy/WWW/mall/ucenter/index.php [debug] SELECT  SQL_CALC_FOUND_ROWS district_id FROM ucenter_base_district WHERE 1   AND district_parent_id=23 LIMIT 500 
09:12:03 11/04/16 FILE=D:/phpStudy/WWW/mall/ucenter/index.php [debug] SELECT  SQL_CALC_FOUND_ROWS district_id FROM ucenter_base_district WHERE 1   AND district_parent_id=24 LIMIT 500 
09:12:03 11/04/16 FILE=D:/phpStudy/WWW/mall/ucenter/index.php [debug] SELECT  SQL_CALC_FOUND_ROWS district_id FROM ucenter_base_district WHERE 1   AND district_parent_id=25 LIMIT 500 
09:12:03 11/04/16 FILE=D:/phpStudy/WWW/mall/ucenter/index.php [debug] SELECT  SQL_CALC_FOUND_ROWS district_id FROM ucenter_base_district WHERE 1   AND district_parent_id=26 LIMIT 500 
09:12:03 11/04/16 FILE=D:/phpStudy/WWW/mall/ucenter/index.php [debug] SELECT  SQL_CALC_FOUND_ROWS district_id FROM ucenter_base_district WHERE 1   AND district_parent_id=27 LIMIT 500 
09:12:03 11/04/16 FILE=D:/phpStudy/WWW/mall/ucenter/index.php [debug] SELECT  SQL_CALC_FOUND_ROWS district_id FROM ucenter_base_district WHERE 1   AND district_parent_id=28 LIMIT 500 
09:12:03 11/04/16 FILE=D:/phpStudy/WWW/mall/ucenter/index.php [debug] SELECT  SQL_CALC_FOUND_ROWS district_id FROM ucenter_base_district WHERE 1   AND district_parent_id=29 LIMIT 500 
09:12:03 11/04/16 FILE=D:/phpStudy/WWW/mall/ucenter/index.php [debug] SELECT  SQL_CALC_FOUND_ROWS district_id FROM ucenter_base_district WHERE 1   AND district_parent_id=30 LIMIT 500 
09:12:03 11/04/16 FILE=D:/phpStudy/WWW/mall/ucenter/index.php [debug] SELECT  SQL_CALC_FOUND_ROWS district_id FROM ucenter_base_district WHERE 1   AND district_parent_id=31 LIMIT 500 
09:12:03 11/04/16 FILE=D:/phpStudy/WWW/mall/ucenter/index.php [debug] SELECT  SQL_CALC_FOUND_ROWS district_id FROM ucenter_base_district WHERE 1   AND district_parent_id=32 LIMIT 500 
09:12:03 11/04/16 FILE=D:/phpStudy/WWW/mall/ucenter/index.php [debug] SELECT  SQL_CALC_FOUND_ROWS district_id FROM ucenter_base_district WHERE 1   AND district_parent_id=33 LIMIT 500 
09:12:03 11/04/16 FILE=D:/phpStudy/WWW/mall/ucenter/index.php [debug] SELECT  SQL_CALC_FOUND_ROWS district_id FROM ucenter_base_district WHERE 1   AND district_parent_id=34 LIMIT 500 
09:12:03 11/04/16 FILE=D:/phpStudy/WWW/mall/ucenter/index.php [debug] SELECT  SQL_CALC_FOUND_ROWS district_id FROM ucenter_base_district WHERE 1   AND district_parent_id=35 LIMIT 500 
09:12:03 11/04/16 FILE=D:/phpStudy/WWW/mall/ucenter/index.php [debug] SELECT  SQL_CALC_FOUND_ROWS district_id FROM ucenter_base_district WHERE 1   AND district_parent_id=36 LIMIT 500 
09:12:03 11/04/16 FILE=D:/phpStudy/WWW/mall/ucenter/index.php [debug] SELECT  SQL_CALC_FOUND_ROWS district_id FROM ucenter_base_district WHERE 1   AND district_parent_id=45069 LIMIT 500 
09:12:03 11/04/16 FILE=D:/phpStudy/WWW/mall/ucenter/index.php [debug] SELECT  SQL_CALC_FOUND_ROWS district_id FROM ucenter_base_district WHERE 1   AND district_parent_id=45070 LIMIT 500 
09:12:03 11/04/16 FILE=D:/phpStudy/WWW/mall/ucenter/index.php [debug] SELECT  SQL_CALC_FOUND_ROWS district_id FROM ucenter_base_district WHERE 1   AND district_parent_id=45071 LIMIT 500 
09:12:03 11/04/16 FILE=D:/phpStudy/WWW/mall/ucenter/index.php [debug] SELECT  SQL_CALC_FOUND_ROWS district_id FROM ucenter_base_district WHERE 1   AND district_parent_id=45085 LIMIT 500 
09:12:03 11/04/16 FILE=D:/phpStudy/WWW/mall/ucenter/index.php [debug] SELECT  SQL_CALC_FOUND_ROWS district_id FROM ucenter_base_district WHERE 1   AND district_parent_id=45091 LIMIT 500 
09:12:03 11/04/16 FILE=D:/phpStudy/WWW/mall/ucenter/index.php [debug] SELECT  SQL_CALC_FOUND_ROWS district_id FROM ucenter_base_district WHERE 1   AND district_parent_id=45093 LIMIT 500 
09:12:03 11/04/16 FILE=D:/phpStudy/WWW/mall/ucenter/index.php [debug] SELECT  SQL_CALC_FOUND_ROWS district_id FROM ucenter_base_district WHERE 1   AND district_parent_id=45094 LIMIT 500 
09:12:03 11/04/16 FILE=D:/phpStudy/WWW/mall/ucenter/index.php [debug] SELECT  SQL_CALC_FOUND_ROWS app_id FROM ucenter_base_app WHERE 1   AND app_status=1 LIMIT 500 
09:12:03 11/04/16 FILE=D:/phpStudy/WWW/mall/ucenter/index.php [debug] SELECT SQL_CALC_FOUND_ROWS * FROM ucenter_base_app WHERE 1   AND app_id IN (101,102,103,104,105) LIMIT 500 
09:12:03 11/04/16 FILE=D:/phpStudy/WWW/mall/ucenter/index.php [debug] SELECT SQL_CALC_FOUND_ROWS * FROM ucenter_web_config WHERE 1   AND config_key="description" LIMIT 500 
09:12:03 11/04/16 FILE=D:/phpStudy/WWW/mall/ucenter/index.php [debug] SELECT SQL_CALC_FOUND_ROWS * FROM ucenter_web_config WHERE 1   AND config_key="keyword" LIMIT 500 
09:12:03 11/04/16 FILE=D:/phpStudy/WWW/mall/ucenter/index.php [debug] SELECT SQL_CALC_FOUND_ROWS * FROM ucenter_web_config WHERE 1   AND config_key="title" LIMIT 500 
09:12:03 11/04/16 FILE=D:/phpStudy/WWW/mall/ucenter/index.php [debug] SELECT SQL_CALC_FOUND_ROWS * FROM ucenter_web_config WHERE 1   AND config_key="copyright" LIMIT 500 
09:12:03 11/04/16 FILE=D:/phpStudy/WWW/mall/ucenter/index.php [debug] SELECT SQL_CALC_FOUND_ROWS * FROM ucenter_web_config WHERE 1   AND config_key="icp_number" LIMIT 500 
09:12:03 11/04/16 FILE=D:/phpStudy/WWW/mall/ucenter/index.php [debug] SELECT SQL_CALC_FOUND_ROWS * FROM ucenter_web_config WHERE 1   AND config_key="statistics_code" LIMIT 500 
09:12:37 11/04/16 FILE=D:/phpStudy/WWW/mall/ucenter/index.php [debug] SELECT SQL_CALC_FOUND_ROWS * FROM ucenter_user_info WHERE 1   AND user_id=10001 LIMIT 500 
09:12:37 11/04/16 FILE=D:/phpStudy/WWW/mall/ucenter/index.php [debug] SELECT SQL_CALC_FOUND_ROWS * FROM ucenter_web_config WHERE 1   AND config_key="site_logo" LIMIT 500 
09:12:37 11/04/16 FILE=D:/phpStudy/WWW/mall/ucenter/index.php [debug] SELECT SQL_CALC_FOUND_ROWS * FROM ucenter_web_config WHERE 1   AND config_key="site_name" LIMIT 500 
09:12:37 11/04/16 FILE=D:/phpStudy/WWW/mall/ucenter/index.php [debug] SELECT SQL_CALC_FOUND_ROWS * FROM ucenter_web_config WHERE 1   AND config_key="setting_buyer_logo" LIMIT 500 
09:12:37 11/04/16 FILE=D:/phpStudy/WWW/mall/ucenter/index.php [debug] SELECT SQL_CALC_FOUND_ROWS * FROM ucenter_web_config WHERE 1   AND config_key="setting_seller_logo" LIMIT 500 
09:12:37 11/04/16 FILE=D:/phpStudy/WWW/mall/ucenter/index.php [debug] SELECT SQL_CALC_FOUND_ROWS * FROM ucenter_web_config WHERE 1   AND config_key="photo_goods_logo" LIMIT 500 
09:12:37 11/04/16 FILE=D:/phpStudy/WWW/mall/ucenter/index.php [debug] SELECT SQL_CALC_FOUND_ROWS * FROM ucenter_web_config WHERE 1   AND config_key="photo_shop_head_logo" LIMIT 500 
09:12:37 11/04/16 FILE=D:/phpStudy/WWW/mall/ucenter/index.php [debug] SELECT SQL_CALC_FOUND_ROWS * FROM ucenter_web_config WHERE 1   AND config_key="photo_shop_logo" LIMIT 500 
09:12:37 11/04/16 FILE=D:/phpStudy/WWW/mall/ucenter/index.php [debug] SELECT SQL_CALC_FOUND_ROWS * FROM ucenter_web_config WHERE 1   AND config_key="photo_user_avatar" LIMIT 500 
09:12:37 11/04/16 FILE=D:/phpStudy/WWW/mall/ucenter/index.php [debug] SELECT SQL_CALC_FOUND_ROWS * FROM ucenter_user_info_detail WHERE 1   AND user_name="admin" LIMIT 500 
09:12:37 11/04/16 FILE=D:/phpStudy/WWW/mall/ucenter/index.php [debug] SELECT SQL_CALC_FOUND_ROWS * FROM ucenter_web_config WHERE 1   AND config_key="user_default_avatar" LIMIT 500 
09:12:37 11/04/16 FILE=D:/phpStudy/WWW/mall/ucenter/index.php [debug] SELECT  SQL_CALC_FOUND_ROWS app_id FROM ucenter_base_app WHERE 1   AND app_status=1 LIMIT 500 
09:12:37 11/04/16 FILE=D:/phpStudy/WWW/mall/ucenter/index.php [debug] SELECT SQL_CALC_FOUND_ROWS * FROM ucenter_base_app WHERE 1   AND app_id IN (101,102,103,104,105) LIMIT 500 
09:12:37 11/04/16 FILE=D:/phpStudy/WWW/mall/ucenter/index.php [debug] SELECT SQL_CALC_FOUND_ROWS * FROM ucenter_web_config WHERE 1   AND config_key="description" LIMIT 500 
09:12:37 11/04/16 FILE=D:/phpStudy/WWW/mall/ucenter/index.php [debug] SELECT SQL_CALC_FOUND_ROWS * FROM ucenter_web_config WHERE 1   AND config_key="keyword" LIMIT 500 
09:12:37 11/04/16 FILE=D:/phpStudy/WWW/mall/ucenter/index.php [debug] SELECT SQL_CALC_FOUND_ROWS * FROM ucenter_web_config WHERE 1   AND config_key="title" LIMIT 500 
09:12:37 11/04/16 FILE=D:/phpStudy/WWW/mall/ucenter/index.php [debug] SELECT SQL_CALC_FOUND_ROWS * FROM ucenter_web_config WHERE 1   AND config_key="copyright" LIMIT 500 
09:12:37 11/04/16 FILE=D:/phpStudy/WWW/mall/ucenter/index.php [debug] SELECT SQL_CALC_FOUND_ROWS * FROM ucenter_web_config WHERE 1   AND config_key="icp_number" LIMIT 500 
09:12:37 11/04/16 FILE=D:/phpStudy/WWW/mall/ucenter/index.php [debug] SELECT SQL_CALC_FOUND_ROWS * FROM ucenter_web_config WHERE 1   AND config_key="statistics_code" LIMIT 500 
09:12:41 11/04/16 FILE=D:/phpStudy/WWW/mall/ucenter/index.php [debug] SELECT SQL_CALC_FOUND_ROWS * FROM ucenter_user_info WHERE 1   AND user_id=10001 LIMIT 500 
09:12:41 11/04/16 FILE=D:/phpStudy/WWW/mall/ucenter/index.php [debug] SELECT SQL_CALC_FOUND_ROWS * FROM ucenter_web_config WHERE 1   AND config_key="site_logo" LIMIT 500 
09:12:41 11/04/16 FILE=D:/phpStudy/WWW/mall/ucenter/index.php [debug] SELECT SQL_CALC_FOUND_ROWS * FROM ucenter_web_config WHERE 1   AND config_key="site_name" LIMIT 500 
09:12:41 11/04/16 FILE=D:/phpStudy/WWW/mall/ucenter/index.php [debug] SELECT SQL_CALC_FOUND_ROWS * FROM ucenter_web_config WHERE 1   AND config_key="setting_buyer_logo" LIMIT 500 
09:12:41 11/04/16 FILE=D:/phpStudy/WWW/mall/ucenter/index.php [debug] SELECT SQL_CALC_FOUND_ROWS * FROM ucenter_web_config WHERE 1   AND config_key="setting_seller_logo" LIMIT 500 
09:12:41 11/04/16 FILE=D:/phpStudy/WWW/mall/ucenter/index.php [debug] SELECT SQL_CALC_FOUND_ROWS * FROM ucenter_web_config WHERE 1   AND config_key="photo_goods_logo" LIMIT 500 
09:12:41 11/04/16 FILE=D:/phpStudy/WWW/mall/ucenter/index.php [debug] SELECT SQL_CALC_FOUND_ROWS * FROM ucenter_web_config WHERE 1   AND config_key="photo_shop_head_logo" LIMIT 500 
09:12:41 11/04/16 FILE=D:/phpStudy/WWW/mall/ucenter/index.php [debug] SELECT SQL_CALC_FOUND_ROWS * FROM ucenter_web_config WHERE 1   AND config_key="photo_shop_logo" LIMIT 500 
09:12:41 11/04/16 FILE=D:/phpStudy/WWW/mall/ucenter/index.php [debug] SELECT SQL_CALC_FOUND_ROWS * FROM ucenter_web_config WHERE 1   AND config_key="photo_user_avatar" LIMIT 500 
09:12:41 11/04/16 FILE=D:/phpStudy/WWW/mall/ucenter/index.php [debug] SELECT SQL_CALC_FOUND_ROWS * FROM ucenter_user_info_detail WHERE 1   AND user_name="admin" LIMIT 500 
09:12:41 11/04/16 FILE=D:/phpStudy/WWW/mall/ucenter/index.php [debug] SELECT SQL_CALC_FOUND_ROWS * FROM ucenter_user_info WHERE 1   AND user_id=10001 LIMIT 500 
09:12:41 11/04/16 FILE=D:/phpStudy/WWW/mall/ucenter/index.php [debug] SELECT  SQL_CALC_FOUND_ROWS app_id FROM ucenter_base_app WHERE 1   AND app_status=1 LIMIT 500 
09:12:41 11/04/16 FILE=D:/phpStudy/WWW/mall/ucenter/index.php [debug] SELECT SQL_CALC_FOUND_ROWS * FROM ucenter_base_app WHERE 1   AND app_id IN (101,102,103,104,105) LIMIT 500 
09:12:41 11/04/16 FILE=D:/phpStudy/WWW/mall/ucenter/index.php [debug] SELECT SQL_CALC_FOUND_ROWS * FROM ucenter_web_config WHERE 1   AND config_key="description" LIMIT 500 
09:12:41 11/04/16 FILE=D:/phpStudy/WWW/mall/ucenter/index.php [debug] SELECT SQL_CALC_FOUND_ROWS * FROM ucenter_web_config WHERE 1   AND config_key="keyword" LIMIT 500 
09:12:41 11/04/16 FILE=D:/phpStudy/WWW/mall/ucenter/index.php [debug] SELECT SQL_CALC_FOUND_ROWS * FROM ucenter_web_config WHERE 1   AND config_key="title" LIMIT 500 
09:12:41 11/04/16 FILE=D:/phpStudy/WWW/mall/ucenter/index.php [debug] SELECT SQL_CALC_FOUND_ROWS * FROM ucenter_web_config WHERE 1   AND config_key="date_format" LIMIT 500 
09:12:41 11/04/16 FILE=D:/phpStudy/WWW/mall/ucenter/index.php [debug] SELECT SQL_CALC_FOUND_ROWS * FROM ucenter_web_config WHERE 1   AND config_key="time_format" LIMIT 500 
09:12:41 11/04/16 FILE=D:/phpStudy/WWW/mall/ucenter/index.php [debug] SELECT SQL_CALC_FOUND_ROWS * FROM ucenter_web_config WHERE 1   AND config_key="copyright" LIMIT 500 
09:12:41 11/04/16 FILE=D:/phpStudy/WWW/mall/ucenter/index.php [debug] SELECT SQL_CALC_FOUND_ROWS * FROM ucenter_web_config WHERE 1   AND config_key="icp_number" LIMIT 500 
09:12:41 11/04/16 FILE=D:/phpStudy/WWW/mall/ucenter/index.php [debug] SELECT SQL_CALC_FOUND_ROWS * FROM ucenter_web_config WHERE 1   AND config_key="statistics_code" LIMIT 500 
09:12:48 11/04/16 FILE=D:/phpStudy/WWW/mall/ucenter/index.php [debug] SELECT SQL_CALC_FOUND_ROWS * FROM ucenter_user_info WHERE 1   AND user_id=10001 LIMIT 500 
09:12:48 11/04/16 FILE=D:/phpStudy/WWW/mall/ucenter/index.php [debug] SELECT SQL_CALC_FOUND_ROWS * FROM ucenter_web_config WHERE 1   AND config_key="site_logo" LIMIT 500 
09:12:48 11/04/16 FILE=D:/phpStudy/WWW/mall/ucenter/index.php [debug] SELECT SQL_CALC_FOUND_ROWS * FROM ucenter_web_config WHERE 1   AND config_key="site_name" LIMIT 500 
09:12:48 11/04/16 FILE=D:/phpStudy/WWW/mall/ucenter/index.php [debug] SELECT SQL_CALC_FOUND_ROWS * FROM ucenter_web_config WHERE 1   AND config_key="setting_buyer_logo" LIMIT 500 
09:12:48 11/04/16 FILE=D:/phpStudy/WWW/mall/ucenter/index.php [debug] SELECT SQL_CALC_FOUND_ROWS * FROM ucenter_web_config WHERE 1   AND config_key="setting_seller_logo" LIMIT 500 
09:12:48 11/04/16 FILE=D:/phpStudy/WWW/mall/ucenter/index.php [debug] SELECT SQL_CALC_FOUND_ROWS * FROM ucenter_web_config WHERE 1   AND config_key="photo_goods_logo" LIMIT 500 
09:12:48 11/04/16 FILE=D:/phpStudy/WWW/mall/ucenter/index.php [debug] SELECT SQL_CALC_FOUND_ROWS * FROM ucenter_web_config WHERE 1   AND config_key="photo_shop_head_logo" LIMIT 500 
09:12:48 11/04/16 FILE=D:/phpStudy/WWW/mall/ucenter/index.php [debug] SELECT SQL_CALC_FOUND_ROWS * FROM ucenter_web_config WHERE 1   AND config_key="photo_shop_logo" LIMIT 500 
09:12:48 11/04/16 FILE=D:/phpStudy/WWW/mall/ucenter/index.php [debug] SELECT SQL_CALC_FOUND_ROWS * FROM ucenter_web_config WHERE 1   AND config_key="photo_user_avatar" LIMIT 500 
09:12:48 11/04/16 FILE=D:/phpStudy/WWW/mall/ucenter/index.php [debug] SELECT SQL_CALC_FOUND_ROWS * FROM ucenter_user_info_detail WHERE 1   AND user_name="admin" LIMIT 500 
09:12:48 11/04/16 FILE=D:/phpStudy/WWW/mall/ucenter/index.php [debug] SELECT SQL_CALC_FOUND_ROWS * FROM ucenter_web_config WHERE 1   AND config_key="user_default_avatar" LIMIT 500 
09:12:48 11/04/16 FILE=D:/phpStudy/WWW/mall/ucenter/index.php [debug] SELECT SQL_CALC_FOUND_ROWS * FROM ucenter_user_info WHERE 1   AND user_id=10001 LIMIT 500 
09:12:48 11/04/16 FILE=D:/phpStudy/WWW/mall/ucenter/index.php [debug] SELECT  SQL_CALC_FOUND_ROWS app_id FROM ucenter_base_app WHERE 1   AND app_status=1 LIMIT 500 
09:12:48 11/04/16 FILE=D:/phpStudy/WWW/mall/ucenter/index.php [debug] SELECT SQL_CALC_FOUND_ROWS * FROM ucenter_base_app WHERE 1   AND app_id IN (101,102,103,104,105) LIMIT 500 
09:12:48 11/04/16 FILE=D:/phpStudy/WWW/mall/ucenter/index.php [debug] SELECT SQL_CALC_FOUND_ROWS * FROM ucenter_web_config WHERE 1   AND config_key="description" LIMIT 500 
09:12:48 11/04/16 FILE=D:/phpStudy/WWW/mall/ucenter/index.php [debug] SELECT SQL_CALC_FOUND_ROWS * FROM ucenter_web_config WHERE 1   AND config_key="keyword" LIMIT 500 
09:12:48 11/04/16 FILE=D:/phpStudy/WWW/mall/ucenter/index.php [debug] SELECT SQL_CALC_FOUND_ROWS * FROM ucenter_web_config WHERE 1   AND config_key="title" LIMIT 500 
09:12:48 11/04/16 FILE=D:/phpStudy/WWW/mall/ucenter/index.php [debug] SELECT SQL_CALC_FOUND_ROWS * FROM ucenter_web_config WHERE 1   AND config_key="copyright" LIMIT 500 
09:12:48 11/04/16 FILE=D:/phpStudy/WWW/mall/ucenter/index.php [debug] SELECT SQL_CALC_FOUND_ROWS * FROM ucenter_web_config WHERE 1   AND config_key="icp_number" LIMIT 500 
09:12:48 11/04/16 FILE=D:/phpStudy/WWW/mall/ucenter/index.php [debug] SELECT SQL_CALC_FOUND_ROWS * FROM ucenter_web_config WHERE 1   AND config_key="statistics_code" LIMIT 500 
09:16:32 11/04/16 FILE=D:/phpStudy/WWW/mall/ucenter/index.php [debug] SELECT SQL_CALC_FOUND_ROWS * FROM ucenter_user_info WHERE 1   AND user_id=10001 LIMIT 500 
09:16:32 11/04/16 FILE=D:/phpStudy/WWW/mall/ucenter/index.php [debug] SELECT SQL_CALC_FOUND_ROWS * FROM ucenter_web_config WHERE 1   AND config_key="site_logo" LIMIT 500 
09:16:32 11/04/16 FILE=D:/phpStudy/WWW/mall/ucenter/index.php [debug] SELECT SQL_CALC_FOUND_ROWS * FROM ucenter_web_config WHERE 1   AND config_key="site_name" LIMIT 500 
09:16:32 11/04/16 FILE=D:/phpStudy/WWW/mall/ucenter/index.php [debug] SELECT SQL_CALC_FOUND_ROWS * FROM ucenter_web_config WHERE 1   AND config_key="setting_buyer_logo" LIMIT 500 
09:16:32 11/04/16 FILE=D:/phpStudy/WWW/mall/ucenter/index.php [debug] SELECT SQL_CALC_FOUND_ROWS * FROM ucenter_web_config WHERE 1   AND config_key="setting_seller_logo" LIMIT 500 
09:16:32 11/04/16 FILE=D:/phpStudy/WWW/mall/ucenter/index.php [debug] SELECT SQL_CALC_FOUND_ROWS * FROM ucenter_web_config WHERE 1   AND config_key="photo_goods_logo" LIMIT 500 
09:16:32 11/04/16 FILE=D:/phpStudy/WWW/mall/ucenter/index.php [debug] SELECT SQL_CALC_FOUND_ROWS * FROM ucenter_web_config WHERE 1   AND config_key="photo_shop_head_logo" LIMIT 500 
09:16:32 11/04/16 FILE=D:/phpStudy/WWW/mall/ucenter/index.php [debug] SELECT SQL_CALC_FOUND_ROWS * FROM ucenter_web_config WHERE 1   AND config_key="photo_shop_logo" LIMIT 500 
09:16:32 11/04/16 FILE=D:/phpStudy/WWW/mall/ucenter/index.php [debug] SELECT SQL_CALC_FOUND_ROWS * FROM ucenter_web_config WHERE 1   AND config_key="photo_user_avatar" LIMIT 500 
09:16:32 11/04/16 FILE=D:/phpStudy/WWW/mall/ucenter/index.php [debug] SELECT SQL_CALC_FOUND_ROWS * FROM ucenter_user_info_detail WHERE 1   AND user_name="admin" LIMIT 500 
09:16:32 11/04/16 FILE=D:/phpStudy/WWW/mall/ucenter/index.php [debug] SELECT SQL_CALC_FOUND_ROWS * FROM ucenter_web_config WHERE 1   AND config_key="user_default_avatar" LIMIT 500 
09:16:32 11/04/16 FILE=D:/phpStudy/WWW/mall/ucenter/index.php [debug] SELECT SQL_CALC_FOUND_ROWS * FROM ucenter_user_info WHERE 1   AND user_id=10001 LIMIT 500 
09:16:32 11/04/16 FILE=D:/phpStudy/WWW/mall/ucenter/index.php [debug] SELECT  SQL_CALC_FOUND_ROWS app_id FROM ucenter_base_app WHERE 1   AND app_status=1 LIMIT 500 
09:16:32 11/04/16 FILE=D:/phpStudy/WWW/mall/ucenter/index.php [debug] SELECT SQL_CALC_FOUND_ROWS * FROM ucenter_base_app WHERE 1   AND app_id IN (101,102,103,104,105) LIMIT 500 
09:16:32 11/04/16 FILE=D:/phpStudy/WWW/mall/ucenter/index.php [debug] SELECT SQL_CALC_FOUND_ROWS * FROM ucenter_web_config WHERE 1   AND config_key="description" LIMIT 500 
09:16:32 11/04/16 FILE=D:/phpStudy/WWW/mall/ucenter/index.php [debug] SELECT SQL_CALC_FOUND_ROWS * FROM ucenter_web_config WHERE 1   AND config_key="keyword" LIMIT 500 
09:16:32 11/04/16 FILE=D:/phpStudy/WWW/mall/ucenter/index.php [debug] SELECT SQL_CALC_FOUND_ROWS * FROM ucenter_web_config WHERE 1   AND config_key="title" LIMIT 500 
09:16:32 11/04/16 FILE=D:/phpStudy/WWW/mall/ucenter/index.php [debug] SELECT SQL_CALC_FOUND_ROWS * FROM ucenter_web_config WHERE 1   AND config_key="copyright" LIMIT 500 
09:16:32 11/04/16 FILE=D:/phpStudy/WWW/mall/ucenter/index.php [debug] SELECT SQL_CALC_FOUND_ROWS * FROM ucenter_web_config WHERE 1   AND config_key="icp_number" LIMIT 500 
09:16:32 11/04/16 FILE=D:/phpStudy/WWW/mall/ucenter/index.php [debug] SELECT SQL_CALC_FOUND_ROWS * FROM ucenter_web_config WHERE 1   AND config_key="statistics_code" LIMIT 500 
09:16:34 11/04/16 FILE=D:/phpStudy/WWW/mall/ucenter/index.php [debug] SELECT SQL_CALC_FOUND_ROWS * FROM ucenter_user_info WHERE 1   AND user_id=10001 LIMIT 500 
09:16:34 11/04/16 FILE=D:/phpStudy/WWW/mall/ucenter/index.php [debug] SELECT SQL_CALC_FOUND_ROWS * FROM ucenter_web_config WHERE 1   AND config_key="site_logo" LIMIT 500 
09:16:34 11/04/16 FILE=D:/phpStudy/WWW/mall/ucenter/index.php [debug] SELECT SQL_CALC_FOUND_ROWS * FROM ucenter_web_config WHERE 1   AND config_key="site_name" LIMIT 500 
09:16:34 11/04/16 FILE=D:/phpStudy/WWW/mall/ucenter/index.php [debug] SELECT SQL_CALC_FOUND_ROWS * FROM ucenter_web_config WHERE 1   AND config_key="setting_buyer_logo" LIMIT 500 
09:16:34 11/04/16 FILE=D:/phpStudy/WWW/mall/ucenter/index.php [debug] SELECT SQL_CALC_FOUND_ROWS * FROM ucenter_web_config WHERE 1   AND config_key="setting_seller_logo" LIMIT 500 
09:16:34 11/04/16 FILE=D:/phpStudy/WWW/mall/ucenter/index.php [debug] SELECT SQL_CALC_FOUND_ROWS * FROM ucenter_web_config WHERE 1   AND config_key="photo_goods_logo" LIMIT 500 
09:16:34 11/04/16 FILE=D:/phpStudy/WWW/mall/ucenter/index.php [debug] SELECT SQL_CALC_FOUND_ROWS * FROM ucenter_web_config WHERE 1   AND config_key="photo_shop_head_logo" LIMIT 500 
09:16:34 11/04/16 FILE=D:/phpStudy/WWW/mall/ucenter/index.php [debug] SELECT SQL_CALC_FOUND_ROWS * FROM ucenter_web_config WHERE 1   AND config_key="photo_shop_logo" LIMIT 500 
09:16:34 11/04/16 FILE=D:/phpStudy/WWW/mall/ucenter/index.php [debug] SELECT SQL_CALC_FOUND_ROWS * FROM ucenter_web_config WHERE 1   AND config_key="photo_user_avatar" LIMIT 500 
09:16:34 11/04/16 FILE=D:/phpStudy/WWW/mall/ucenter/index.php [debug] SELECT SQL_CALC_FOUND_ROWS * FROM ucenter_user_info_detail WHERE 1   AND user_name="admin" LIMIT 500 
09:16:34 11/04/16 FILE=D:/phpStudy/WWW/mall/ucenter/index.php [debug] SELECT SQL_CALC_FOUND_ROWS * FROM ucenter_web_config WHERE 1   AND config_key="user_default_avatar" LIMIT 500 
09:16:34 11/04/16 FILE=D:/phpStudy/WWW/mall/ucenter/index.php [debug] SELECT SQL_CALC_FOUND_ROWS * FROM ucenter_user_info WHERE 1   AND user_id=10001 LIMIT 500 
09:16:34 11/04/16 FILE=D:/phpStudy/WWW/mall/ucenter/index.php [debug] SELECT  SQL_CALC_FOUND_ROWS app_id FROM ucenter_base_app WHERE 1   AND app_status=1 LIMIT 500 
09:16:34 11/04/16 FILE=D:/phpStudy/WWW/mall/ucenter/index.php [debug] SELECT SQL_CALC_FOUND_ROWS * FROM ucenter_base_app WHERE 1   AND app_id IN (101,102,103,104,105) LIMIT 500 
09:16:34 11/04/16 FILE=D:/phpStudy/WWW/mall/ucenter/index.php [debug] SELECT SQL_CALC_FOUND_ROWS * FROM ucenter_web_config WHERE 1   AND config_key="description" LIMIT 500 
09:16:34 11/04/16 FILE=D:/phpStudy/WWW/mall/ucenter/index.php [debug] SELECT SQL_CALC_FOUND_ROWS * FROM ucenter_web_config WHERE 1   AND config_key="keyword" LIMIT 500 
09:16:34 11/04/16 FILE=D:/phpStudy/WWW/mall/ucenter/index.php [debug] SELECT SQL_CALC_FOUND_ROWS * FROM ucenter_web_config WHERE 1   AND config_key="title" LIMIT 500 
09:16:34 11/04/16 FILE=D:/phpStudy/WWW/mall/ucenter/index.php [debug] SELECT SQL_CALC_FOUND_ROWS * FROM ucenter_web_config WHERE 1   AND config_key="copyright" LIMIT 500 
09:16:34 11/04/16 FILE=D:/phpStudy/WWW/mall/ucenter/index.php [debug] SELECT SQL_CALC_FOUND_ROWS * FROM ucenter_web_config WHERE 1   AND config_key="icp_number" LIMIT 500 
09:16:34 11/04/16 FILE=D:/phpStudy/WWW/mall/ucenter/index.php [debug] SELECT SQL_CALC_FOUND_ROWS * FROM ucenter_web_config WHERE 1   AND config_key="statistics_code" LIMIT 500 
09:16:53 11/04/16 FILE=D:/phpStudy/WWW/mall/ucenter/index.php [debug] SELECT SQL_CALC_FOUND_ROWS * FROM ucenter_user_info WHERE 1   AND user_name="admin" LIMIT 500 
09:16:53 11/04/16 FILE=D:/phpStudy/WWW/mall/ucenter/index.php [debug] SELECT SQL_CALC_FOUND_ROWS * FROM ucenter_user_info WHERE 1   AND user_id=10001 LIMIT 500 
09:16:53 11/04/16 FILE=D:/phpStudy/WWW/mall/ucenter/index.php [debug] SELECT SQL_CALC_FOUND_ROWS * FROM ucenter_user_info WHERE 1   AND user_id=10001 LIMIT 500 
09:16:53 11/04/16 FILE=D:/phpStudy/WWW/mall/ucenter/index.php [debug] SELECT SQL_CALC_FOUND_ROWS * FROM ucenter_web_config WHERE 1   AND config_key="site_logo" LIMIT 500 
09:16:53 11/04/16 FILE=D:/phpStudy/WWW/mall/ucenter/index.php [debug] SELECT SQL_CALC_FOUND_ROWS * FROM ucenter_web_config WHERE 1   AND config_key="site_name" LIMIT 500 
09:16:53 11/04/16 FILE=D:/phpStudy/WWW/mall/ucenter/index.php [debug] SELECT SQL_CALC_FOUND_ROWS * FROM ucenter_web_config WHERE 1   AND config_key="setting_buyer_logo" LIMIT 500 
09:16:53 11/04/16 FILE=D:/phpStudy/WWW/mall/ucenter/index.php [debug] SELECT SQL_CALC_FOUND_ROWS * FROM ucenter_web_config WHERE 1   AND config_key="setting_seller_logo" LIMIT 500 
09:16:53 11/04/16 FILE=D:/phpStudy/WWW/mall/ucenter/index.php [debug] SELECT SQL_CALC_FOUND_ROWS * FROM ucenter_web_config WHERE 1   AND config_key="photo_goods_logo" LIMIT 500 
09:16:53 11/04/16 FILE=D:/phpStudy/WWW/mall/ucenter/index.php [debug] SELECT SQL_CALC_FOUND_ROWS * FROM ucenter_web_config WHERE 1   AND config_key="photo_shop_head_logo" LIMIT 500 
09:16:53 11/04/16 FILE=D:/phpStudy/WWW/mall/ucenter/index.php [debug] SELECT SQL_CALC_FOUND_ROWS * FROM ucenter_web_config WHERE 1   AND config_key="photo_shop_logo" LIMIT 500 
09:16:53 11/04/16 FILE=D:/phpStudy/WWW/mall/ucenter/index.php [debug] SELECT SQL_CALC_FOUND_ROWS * FROM ucenter_web_config WHERE 1   AND config_key="photo_user_avatar" LIMIT 500 
09:16:53 11/04/16 FILE=D:/phpStudy/WWW/mall/ucenter/index.php [debug] SELECT SQL_CALC_FOUND_ROWS * FROM ucenter_user_info_detail WHERE 1   AND user_name="admin" LIMIT 500 
09:16:53 11/04/16 FILE=D:/phpStudy/WWW/mall/ucenter/index.php [debug] SELECT SQL_CALC_FOUND_ROWS * FROM ucenter_web_config WHERE 1   AND config_key="user_default_avatar" LIMIT 500 
09:16:53 11/04/16 FILE=D:/phpStudy/WWW/mall/ucenter/index.php [debug] SELECT SQL_CALC_FOUND_ROWS * FROM ucenter_user_privacy WHERE 1   AND user_id=10001 LIMIT 500 
09:16:53 11/04/16 FILE=D:/phpStudy/WWW/mall/ucenter/index.php [debug] SELECT  SQL_CALC_FOUND_ROWS app_id FROM ucenter_base_app WHERE 1   AND app_status=1 LIMIT 500 
09:16:53 11/04/16 FILE=D:/phpStudy/WWW/mall/ucenter/index.php [debug] SELECT SQL_CALC_FOUND_ROWS * FROM ucenter_base_app WHERE 1   AND app_id IN (101,102,103,104,105) LIMIT 500 
09:16:53 11/04/16 FILE=D:/phpStudy/WWW/mall/ucenter/index.php [debug] SELECT SQL_CALC_FOUND_ROWS * FROM ucenter_web_config WHERE 1   AND config_key="description" LIMIT 500 
09:16:53 11/04/16 FILE=D:/phpStudy/WWW/mall/ucenter/index.php [debug] SELECT SQL_CALC_FOUND_ROWS * FROM ucenter_web_config WHERE 1   AND config_key="keyword" LIMIT 500 
09:16:53 11/04/16 FILE=D:/phpStudy/WWW/mall/ucenter/index.php [debug] SELECT SQL_CALC_FOUND_ROWS * FROM ucenter_web_config WHERE 1   AND config_key="title" LIMIT 500 
09:16:53 11/04/16 FILE=D:/phpStudy/WWW/mall/ucenter/index.php [debug] SELECT SQL_CALC_FOUND_ROWS * FROM ucenter_web_config WHERE 1   AND config_key="copyright" LIMIT 500 
09:16:53 11/04/16 FILE=D:/phpStudy/WWW/mall/ucenter/index.php [debug] SELECT SQL_CALC_FOUND_ROWS * FROM ucenter_web_config WHERE 1   AND config_key="icp_number" LIMIT 500 
09:16:53 11/04/16 FILE=D:/phpStudy/WWW/mall/ucenter/index.php [debug] SELECT SQL_CALC_FOUND_ROWS * FROM ucenter_web_config WHERE 1   AND config_key="statistics_code" LIMIT 500 
09:18:54 11/04/16 FILE=D:/phpStudy/WWW/mall/ucenter/index.php [debug] SELECT SQL_CALC_FOUND_ROWS * FROM ucenter_base_app WHERE 1   AND app_id=103 LIMIT 500 
09:18:54 11/04/16 FILE=D:/phpStudy/WWW/mall/ucenter/index.php [debug] SELECT SQL_CALC_FOUND_ROWS * FROM ucenter_user_info WHERE 1   AND user_name="admin" LIMIT 500 
09:18:54 11/04/16 FILE=D:/phpStudy/WWW/mall/ucenter/index.php [debug] SELECT SQL_CALC_FOUND_ROWS * FROM ucenter_user_info WHERE 1   AND user_id=10001 LIMIT 500 
09:18:54 11/04/16 FILE=D:/phpStudy/WWW/mall/ucenter/index.php [debug] SELECT SQL_CALC_FOUND_ROWS * FROM ucenter_user_info_detail WHERE 1   AND user_name="admin" LIMIT 500 
09:18:54 11/04/16 FILE=D:/phpStudy/WWW/mall/ucenter/index.php [debug] SELECT SQL_CALC_FOUND_ROWS * FROM ucenter_web_config WHERE 1   AND config_key="user_default_avatar" LIMIT 500 
09:19:12 11/04/16 FILE=D:/phpStudy/WWW/mall/ucenter/index.php [debug] SELECT SQL_CALC_FOUND_ROWS * FROM ucenter_base_app WHERE 1   AND app_id=103 LIMIT 500 
09:19:12 11/04/16 FILE=D:/phpStudy/WWW/mall/ucenter/index.php [debug] SELECT SQL_CALC_FOUND_ROWS * FROM ucenter_user_info WHERE 1   AND user_name="admin" LIMIT 500 
09:19:12 11/04/16 FILE=D:/phpStudy/WWW/mall/ucenter/index.php [debug] SELECT SQL_CALC_FOUND_ROWS * FROM ucenter_user_info WHERE 1   AND user_id=10001 LIMIT 500 
09:19:12 11/04/16 FILE=D:/phpStudy/WWW/mall/ucenter/index.php [debug] SELECT SQL_CALC_FOUND_ROWS * FROM ucenter_user_info_detail WHERE 1   AND user_name="admin" LIMIT 500 
09:19:12 11/04/16 FILE=D:/phpStudy/WWW/mall/ucenter/index.php [debug] SELECT SQL_CALC_FOUND_ROWS * FROM ucenter_web_config WHERE 1   AND config_key="user_default_avatar" LIMIT 500 
09:19:12 11/04/16 FILE=D:/phpStudy/WWW/mall/ucenter/index.php [debug] SELECT  SQL_CALC_FOUND_ROWS config_key FROM ucenter_web_config WHERE 1   AND config_type="site" LIMIT 500 
09:19:12 11/04/16 FILE=D:/phpStudy/WWW/mall/ucenter/index.php [debug] SELECT SQL_CALC_FOUND_ROWS * FROM ucenter_web_config WHERE 1   AND config_key IN ("closed_reason","copyright","date_format","icp_number","language_id","monetary_unit","site_logo","site_name","site_status","statistics_code","theme_id","time_format","time_zone_id","user_default_avatar") LIMIT 500 
